0: process 1 (pid  9143, parent  4539) has STARTED with balance $ 1
0: process 2 (pid  9144, parent  9143) has STARTED with balance $ 2
0: process 0 received all STARTED messages
0: process 2 received all STARTED messages
0: process 1 received all STARTED messages
0: process 1 (pid  9376, parent  4539) has STARTED with balance $ 1
0: process 2 (pid  9377, parent  9376) has STARTED with balance $ 2
0: process 0 received all STARTED messages
0: process 2 received all STARTED messages
0: process 1 received all STARTED messages
0: process 1 (pid  9827, parent  4539) has STARTED with balance $ 1
0: process 2 (pid  9828, parent  9827) has STARTED with balance $ 2
0: process 0 received all STARTED messages
Transfer amount 1 from 1 to 2Transfer amount 2 from 2 to 3Transfer amount 3 from 3 to 40: process 2 received all STARTED messages
0: process 1 received all STARTED messages
Transfer amount 1 from 3 to 10: process 1 (pid  9913, parent  4539) has STARTED with balance $ 1
0: process 2 (pid  9914, parent  9913) has STARTED with balance $ 2
0: process 0 received all STARTED messages
Transfer amount 1 from 1 to 2
Transfer amount 2 from 2 to 3
0: process 2 received all STARTED messages
0: process 1 received all STARTED messages
Transfer amount 3 from 3 to 4
Transfer amount 1 from 3 to 1
0: process 1 (pid 10039, parent  4539) has STARTED with balance $ 1
0: process 2 (pid 10040, parent 10039) has STARTED with balance $ 2
0: process 0 received all STARTED messages
Transfer amount 1 from 1 to 2
Transfer amount 2 from 2 to 3
0: process 2 received all STARTED messages
0: process 1 received all STARTED messages
Transfer amount 3 from 3 to 4
Transfer amount 1 from 3 to 1
-------------------
0: process 1 (pid 10216, parent  4539) has STARTED with balance $ 1
0: process 2 (pid 10217, parent 10216) has STARTED with balance $ 2
0: process 0 received all STARTED messages
Transfer amount 1 from 1 to 2
Transfer amount 2 from 2 to 3
Transfer amount 3 from 3 to 4
0: process 2 received all STARTED messages
0: process 1 received all STARTED messages
Transfer amount 1 from 3 to 1
-------------------
0: process 1 (pid 10463, parent  4539) has STARTED with balance $ 1
0: process 2 (pid 10464, parent 10463) has STARTED with balance $ 2
0: process 0 received all STARTED messages
Transfer amount 1 from 1 to 2
Transfer amount 2 from 2 to 3
0: process 2 received all STARTED messages
0: process 1 received all STARTED messages
Transfer amount 1 from 3 to 1
-------------------
0: process 1 (pid 10582, parent  4539) has STARTED with balance $ 1
0: process 2 (pid 10583, parent 10582) has STARTED with balance $ 2
0: process 0 received all STARTED messages
Transfer amount 1 from 1 to 2
Transfer amount 2 from 2 to 3
0: process 2 received all STARTED messages
Started receiving message child_id 2
0: process 1 received all STARTED messages
Started receiving message child_id 1
Transfer amount 1 from 3 to 1
-------------------
0: process 1 (pid 10890, parent  4539) has STARTED with balance $ 1
0: process 2 (pid 10891, parent 10890) has STARTED with balance $ 2
0: process 0 received all STARTED messages
Transfer amount 1 from 1 to 2
Transfer amount 2 from 2 to 3
0: process 2 received all STARTED messages
0: process 1 received all STARTED messages
Started receiving message child_id 2
Started receiving message child_id 1
Transfer amount 1 from 3 to 1
-------------------
0: process 1 (pid 11001, parent  4539) has STARTED with balance $ 1
0: process 2 (pid 11002, parent 11001) has STARTED with balance $ 2
0: process 0 received all STARTED messages
Transfer amount 1 from 1 to 2
Transfer amount 2 from 2 to 3
0: process 2 received all STARTED messages
0: process 1 received all STARTED messages
Transfer amount 1 from 3 to 1
Started receiving message child_id 2
Started receiving message child_id 1
-------------------
0: process 1 (pid 11248, parent  4539) has STARTED with balance $ 1
0: process 2 (pid 11249, parent 11248) has STARTED with balance $ 2
0: process 0 received all STARTED messages
Transfer amount 1 from 1 to 2
Transfer amount 2 from 2 to 3
0: process 2 received all STARTED messages
0: process 1 received all STARTED messages
Started receiving message child_id 2
Started receiving message child_id 1
0: process 2 transferred $ 1 to process 1
Transfer amount 1 from 1 to 2
Transfer amount 1 from 3 to 1
0: process 3 transferred $ 2 to process 2
Transfer amount 2 from 2 to 3
-------------------
0: process 1 (pid 11634, parent  4539) has STARTED with balance $ 1
0: process 2 (pid 11635, parent 11634) has STARTED with balance $ 2
0: process 0 received all STARTED messages
Transfer amount 1 from 1 to 2
Transfer amount 2 from 2 to 3
0: process 2 received all STARTED messages
0: process 1 received all STARTED messages
Started receiving message child_id 2
Started receiving message child_id 1
0: process 1 transferred $ 1 to process 2
Transfer amount 1 from 1 to 2
Transfer amount 1 from 3 to 1
0: process 2 transferred $ 2 to process 3
Transfer amount 2 from 2 to 3
-------------------
0: process 1 (pid 11778, parent  4539) has STARTED with balance $ 1
0: process 2 (pid 11779, parent 11778) has STARTED with balance $ 2
0: process 0 received all STARTED messages
Transfer amount 1 from 1 to 2
Transfer amount 2 from 2 to 3
Transfer amount 1 from 3 to 1
0: process 2 received all STARTED messages
0: process 1 received all STARTED messages
Started receiving message child_id 2
Started receiving message child_id 1
0: process 2 transferred $ 2 to process 3
0: process 1 transferred $ 1 to process 2
Transfer amount 2 from 2 to 3
Transfer amount 1 from 1 to 2
-------------------
0: process 1 (pid 11829, parent  4539) has STARTED with balance $ 1
0: process 2 (pid 11830, parent 11829) has STARTED with balance $ 2
0: process 0 received all STARTED messages
Transfer amount 1 from 1 to 2
Transfer amount 2 from 2 to 3
Transfer amount 1 from 3 to 1
0: process 2 received all STARTED messages
0: process 1 received all STARTED messages
Started receiving message child_id 2
Started receiving message child_id 1
0: process 2 transferred $ 2 to process 3
0: process 1 transferred $ 1 to process 2
Transfer amount 2 from 2 to 3
Transfer amount 1 from 1 to 2
-------------------
0: process 1 (pid 12029, parent  4539) has STARTED with balance $ 1
0: process 2 (pid 12030, parent 12029) has STARTED with balance $ 2
0: process 0 received all STARTED messages
Transfer amount 1 from 1 to 2
Transfer amount 2 from 2 to 3
0: process 2 received all STARTED messages
Started receiving message child_id 2
0: process 1 received all STARTED messages
0: process 2 transferred $ 2 to process 3
Started receiving message child_id 1
Transfer amount 2 from 2 to 3
0: process 1 transferred $ 1 to process 2
Transfer amount 1 from 1 to 2
Transfer amount 1 from 3 to 1
-------------------
0: process 1 (pid 12406, parent  4539) has STARTED with balance $ 1
0: process 2 (pid 12407, parent 12406) has STARTED with balance $ 2
0: process 0 received all STARTED messages
Transfer amount 1 from 1 to 2
Transfer amount 2 from 2 to 3
0: process 2 received all STARTED messages
0: process 1 received all STARTED messages
Started receiving message child_id 2
Transfer amount 1 from 3 to 1
0: process 2 transferred $ 2 to process 3
Started receiving message child_id 1
Transfer amount 2 from 2 to 3
0: process 1 transferred $ 1 to process 2
Transfer amount 1 from 1 to 2
1: process 2 received $ 1 from process 1
