Pipe 0 -> 1. Fd 5 -> 6
Pipe 0 -> 2. Fd 7 -> 8
Pipe 0 -> 3. Fd 9 -> 10
Pipe 1 -> 0. Fd 11 -> 12
Pipe 1 -> 2. Fd 13 -> 14
Pipe 1 -> 3. Fd 15 -> 16
Pipe 2 -> 0. Fd 17 -> 18
Pipe 2 -> 1. Fd 19 -> 20
Pipe 2 -> 3. Fd 21 -> 22
Pipe 3 -> 0. Fd 23 -> 24
Pipe 3 -> 1. Fd 25 -> 26
Pipe 3 -> 2. Fd 27 -> 28
Pipe 0 -> 1. Fd 5 -> 6
Pipe 0 -> 2. Fd 7 -> 8
Pipe 0 -> 3. Fd 9 -> 10
Pipe 1 -> 0. Fd 11 -> 12
Pipe 1 -> 2. Fd 13 -> 14
Pipe 1 -> 3. Fd 15 -> 16
Pipe 2 -> 0. Fd 17 -> 18
Pipe 2 -> 1. Fd 19 -> 20
Pipe 2 -> 3. Fd 21 -> 22
Pipe 3 -> 0. Fd 23 -> 24
Pipe 3 -> 1. Fd 25 -> 26
Pipe 3 -> 2. Fd 27 -> 28
Pipe 0 -> 1. Fd 5 -> 6
Pipe 0 -> 2. Fd 7 -> 8
Pipe 0 -> 3. Fd 9 -> 10
Pipe 1 -> 0. Fd 11 -> 12
Pipe 1 -> 2. Fd 13 -> 14
Pipe 1 -> 3. Fd 15 -> 16
Pipe 2 -> 0. Fd 17 -> 18
Pipe 2 -> 1. Fd 19 -> 20
Pipe 2 -> 3. Fd 21 -> 22
Pipe 3 -> 0. Fd 23 -> 24
Pipe 3 -> 1. Fd 25 -> 26
Pipe 3 -> 2. Fd 27 -> 28
Pipe 0 -> 1. Fd 5 -> 6
Pipe 0 -> 2. Fd 7 -> 8
Pipe 0 -> 3. Fd 9 -> 10
Pipe 1 -> 0. Fd 11 -> 12
Pipe 1 -> 2. Fd 13 -> 14
Pipe 1 -> 3. Fd 15 -> 16
Pipe 2 -> 0. Fd 17 -> 18
Pipe 2 -> 1. Fd 19 -> 20
Pipe 2 -> 3. Fd 21 -> 22
Pipe 3 -> 0. Fd 23 -> 24
Pipe 3 -> 1. Fd 25 -> 26
Pipe 3 -> 2. Fd 27 -> 28
Pipe 0 -> 1. Fd 5 -> 6
Pipe 0 -> 2. Fd 7 -> 8
Pipe 0 -> 3. Fd 9 -> 10
Pipe 1 -> 0. Fd 11 -> 12
Pipe 1 -> 2. Fd 13 -> 14
Pipe 1 -> 3. Fd 15 -> 16
Pipe 2 -> 0. Fd 17 -> 18
Pipe 2 -> 1. Fd 19 -> 20
Pipe 2 -> 3. Fd 21 -> 22
Pipe 3 -> 0. Fd 23 -> 24
Pipe 3 -> 1. Fd 25 -> 26
Pipe 3 -> 2. Fd 27 -> 28
Pipe 0 -> 1. Fd 5 -> 6
Pipe 0 -> 2. Fd 7 -> 8
Pipe 0 -> 3. Fd 9 -> 10
Pipe 1 -> 0. Fd 11 -> 12
Pipe 1 -> 2. Fd 13 -> 14
Pipe 1 -> 3. Fd 15 -> 16
Pipe 2 -> 0. Fd 17 -> 18
Pipe 2 -> 1. Fd 19 -> 20
Pipe 2 -> 3. Fd 21 -> 22
Pipe 3 -> 0. Fd 23 -> 24
Pipe 3 -> 1. Fd 25 -> 26
Pipe 3 -> 2. Fd 27 -> 28
Pipe 0 -> 1. Fd 5 -> 6
Pipe 0 -> 2. Fd 7 -> 8
Pipe 0 -> 3. Fd 9 -> 10
Pipe 0 -> 4. Fd 11 -> 12
Pipe 1 -> 0. Fd 13 -> 14
Pipe 1 -> 2. Fd 15 -> 16
Pipe 1 -> 3. Fd 17 -> 18
Pipe 1 -> 4. Fd 19 -> 20
Pipe 2 -> 0. Fd 21 -> 22
Pipe 2 -> 1. Fd 23 -> 24
Pipe 2 -> 3. Fd 25 -> 26
Pipe 2 -> 4. Fd 27 -> 28
Pipe 3 -> 0. Fd 29 -> 30
Pipe 3 -> 1. Fd 31 -> 32
Pipe 3 -> 2. Fd 33 -> 34
Pipe 3 -> 4. Fd 35 -> 36
Pipe 4 -> 0. Fd 37 -> 38
Pipe 4 -> 1. Fd 39 -> 40
Pipe 4 -> 2. Fd 41 -> 42
Pipe 4 -> 3. Fd 44 -> 45
Pipe 0 -> 1. Fd 5 -> 6
Pipe 0 -> 2. Fd 7 -> 8
Pipe 0 -> 3. Fd 9 -> 10
Pipe 0 -> 4. Fd 11 -> 12
Pipe 1 -> 0. Fd 13 -> 14
Pipe 1 -> 2. Fd 15 -> 16
Pipe 1 -> 3. Fd 17 -> 18
Pipe 1 -> 4. Fd 19 -> 20
Pipe 2 -> 0. Fd 21 -> 22
Pipe 2 -> 1. Fd 23 -> 24
Pipe 2 -> 3. Fd 25 -> 26
Pipe 2 -> 4. Fd 27 -> 28
Pipe 3 -> 0. Fd 29 -> 30
Pipe 3 -> 1. Fd 31 -> 32
Pipe 3 -> 2. Fd 33 -> 34
Pipe 3 -> 4. Fd 35 -> 36
Pipe 4 -> 0. Fd 37 -> 38
Pipe 4 -> 1. Fd 39 -> 40
Pipe 4 -> 2. Fd 41 -> 42
Pipe 4 -> 3. Fd 44 -> 45
Pipe 0 -> 1. Fd 5 -> 6
Pipe 0 -> 2. Fd 7 -> 8
Pipe 0 -> 3. Fd 9 -> 10
Pipe 0 -> 4. Fd 11 -> 12
Pipe 1 -> 0. Fd 13 -> 14
Pipe 1 -> 2. Fd 15 -> 16
Pipe 1 -> 3. Fd 17 -> 18
Pipe 1 -> 4. Fd 19 -> 20
Pipe 2 -> 0. Fd 21 -> 22
Pipe 2 -> 1. Fd 23 -> 24
Pipe 2 -> 3. Fd 25 -> 26
Pipe 2 -> 4. Fd 27 -> 28
Pipe 3 -> 0. Fd 29 -> 30
Pipe 3 -> 1. Fd 31 -> 32
Pipe 3 -> 2. Fd 33 -> 34
Pipe 3 -> 4. Fd 35 -> 36
Pipe 4 -> 0. Fd 37 -> 38
Pipe 4 -> 1. Fd 39 -> 40
Pipe 4 -> 2. Fd 41 -> 42
Pipe 4 -> 3. Fd 44 -> 45
Pipe 0 -> 1. Fd 5 -> 6
Pipe 0 -> 2. Fd 7 -> 8
Pipe 0 -> 3. Fd 9 -> 10
Pipe 0 -> 4. Fd 11 -> 12
Pipe 1 -> 0. Fd 13 -> 14
Pipe 1 -> 2. Fd 15 -> 16
Pipe 1 -> 3. Fd 17 -> 18
Pipe 1 -> 4. Fd 19 -> 20
Pipe 2 -> 0. Fd 21 -> 22
Pipe 2 -> 1. Fd 23 -> 24
Pipe 2 -> 3. Fd 25 -> 26
Pipe 2 -> 4. Fd 27 -> 28
Pipe 3 -> 0. Fd 29 -> 30
Pipe 3 -> 1. Fd 31 -> 32
Pipe 3 -> 2. Fd 33 -> 34
Pipe 3 -> 4. Fd 35 -> 36
Pipe 4 -> 0. Fd 37 -> 38
Pipe 4 -> 1. Fd 39 -> 40
Pipe 4 -> 2. Fd 41 -> 42
Pipe 4 -> 3. Fd 44 -> 45
Pipe 0 -> 1. Fd 5 -> 6
Pipe 0 -> 2. Fd 7 -> 8
Pipe 0 -> 3. Fd 9 -> 10
Pipe 0 -> 4. Fd 11 -> 12
Pipe 1 -> 0. Fd 13 -> 14
Pipe 1 -> 2. Fd 15 -> 16
Pipe 1 -> 3. Fd 17 -> 18
Pipe 1 -> 4. Fd 19 -> 20
Pipe 2 -> 0. Fd 21 -> 22
Pipe 2 -> 1. Fd 23 -> 24
Pipe 2 -> 3. Fd 25 -> 26
Pipe 2 -> 4. Fd 27 -> 28
Pipe 3 -> 0. Fd 29 -> 30
Pipe 3 -> 1. Fd 31 -> 32
Pipe 3 -> 2. Fd 33 -> 34
Pipe 3 -> 4. Fd 35 -> 36
Pipe 4 -> 0. Fd 37 -> 38
Pipe 4 -> 1. Fd 39 -> 40
Pipe 4 -> 2. Fd 41 -> 42
Pipe 4 -> 3. Fd 44 -> 45
Pipe 0 -> 1. Fd 5 -> 6
Pipe 0 -> 2. Fd 7 -> 8
Pipe 0 -> 3. Fd 9 -> 10
Pipe 1 -> 0. Fd 11 -> 12
Pipe 1 -> 2. Fd 13 -> 14
Pipe 1 -> 3. Fd 15 -> 16
Pipe 2 -> 0. Fd 17 -> 18
Pipe 2 -> 1. Fd 19 -> 20
Pipe 2 -> 3. Fd 21 -> 22
Pipe 3 -> 0. Fd 23 -> 24
Pipe 3 -> 1. Fd 25 -> 26
Pipe 3 -> 2. Fd 27 -> 28
Pipe 0 -> 1. Fd 5 -> 6
Pipe 0 -> 2. Fd 7 -> 8
Pipe 0 -> 3. Fd 9 -> 10
Pipe 1 -> 0. Fd 11 -> 12
Pipe 1 -> 2. Fd 13 -> 14
Pipe 1 -> 3. Fd 15 -> 16
Pipe 2 -> 0. Fd 17 -> 18
Pipe 2 -> 1. Fd 19 -> 20
Pipe 2 -> 3. Fd 21 -> 22
Pipe 3 -> 0. Fd 23 -> 24
Pipe 3 -> 1. Fd 25 -> 26
Pipe 3 -> 2. Fd 27 -> 28
Pipe 0 -> 1. Fd 5 -> 6
Pipe 0 -> 2. Fd 7 -> 8
Pipe 0 -> 3. Fd 9 -> 10
Pipe 1 -> 0. Fd 11 -> 12
Pipe 1 -> 2. Fd 13 -> 14
Pipe 1 -> 3. Fd 15 -> 16
Pipe 2 -> 0. Fd 17 -> 18
Pipe 2 -> 1. Fd 19 -> 20
Pipe 2 -> 3. Fd 21 -> 22
Pipe 3 -> 0. Fd 23 -> 24
Pipe 3 -> 1. Fd 25 -> 26
Pipe 3 -> 2. Fd 27 -> 28
Pipe 0 -> 1. Fd 5 -> 6
Pipe 0 -> 2. Fd 7 -> 8
Pipe 0 -> 3. Fd 9 -> 10
Pipe 1 -> 0. Fd 11 -> 12
Pipe 1 -> 2. Fd 13 -> 14
Pipe 1 -> 3. Fd 15 -> 16
Pipe 2 -> 0. Fd 17 -> 18
Pipe 2 -> 1. Fd 19 -> 20
Pipe 2 -> 3. Fd 21 -> 22
Pipe 3 -> 0. Fd 23 -> 24
Pipe 3 -> 1. Fd 25 -> 26
Pipe 3 -> 2. Fd 27 -> 28
Pipe 0 -> 1. Fd 5 -> 6
Pipe 0 -> 2. Fd 7 -> 8
Pipe 0 -> 3. Fd 9 -> 10
Pipe 1 -> 0. Fd 11 -> 12
Pipe 1 -> 2. Fd 13 -> 14
Pipe 1 -> 3. Fd 15 -> 16
Pipe 2 -> 0. Fd 17 -> 18
Pipe 2 -> 1. Fd 19 -> 20
Pipe 2 -> 3. Fd 21 -> 22
Pipe 3 -> 0. Fd 23 -> 24
Pipe 3 -> 1. Fd 25 -> 26
Pipe 3 -> 2. Fd 27 -> 28
Pipe 0 -> 1. Fd 5 -> 6
Pipe 0 -> 2. Fd 7 -> 8
Pipe 0 -> 3. Fd 9 -> 10
Pipe 1 -> 0. Fd 11 -> 12
Pipe 1 -> 2. Fd 13 -> 14
Pipe 1 -> 3. Fd 15 -> 16
Pipe 2 -> 0. Fd 17 -> 18
Pipe 2 -> 1. Fd 19 -> 20
Pipe 2 -> 3. Fd 21 -> 22
Pipe 3 -> 0. Fd 23 -> 24
Pipe 3 -> 1. Fd 25 -> 26
Pipe 3 -> 2. Fd 27 -> 28
Pipe 0 -> 1. Fd 5 -> 6
Pipe 0 -> 2. Fd 7 -> 8
Pipe 0 -> 3. Fd 9 -> 10
Pipe 1 -> 0. Fd 11 -> 12
Pipe 1 -> 2. Fd 13 -> 14
Pipe 1 -> 3. Fd 15 -> 16
Pipe 2 -> 0. Fd 17 -> 18
Pipe 2 -> 1. Fd 19 -> 20
Pipe 2 -> 3. Fd 21 -> 22
Pipe 3 -> 0. Fd 23 -> 24
Pipe 3 -> 1. Fd 25 -> 26
Pipe 3 -> 2. Fd 27 -> 28
Pipe 0 -> 1. Fd 5 -> 6
Pipe 0 -> 2. Fd 7 -> 8
Pipe 0 -> 3. Fd 9 -> 10
Pipe 1 -> 0. Fd 11 -> 12
Pipe 1 -> 2. Fd 13 -> 14
Pipe 1 -> 3. Fd 15 -> 16
Pipe 2 -> 0. Fd 17 -> 18
Pipe 2 -> 1. Fd 19 -> 20
Pipe 2 -> 3. Fd 21 -> 22
Pipe 3 -> 0. Fd 23 -> 24
Pipe 3 -> 1. Fd 25 -> 26
Pipe 3 -> 2. Fd 27 -> 28
Pipe 0 -> 1. Fd 5 -> 6
Pipe 0 -> 2. Fd 7 -> 8
Pipe 0 -> 3. Fd 9 -> 10
Pipe 1 -> 0. Fd 11 -> 12
Pipe 1 -> 2. Fd 13 -> 14
Pipe 1 -> 3. Fd 15 -> 16
Pipe 2 -> 0. Fd 17 -> 18
Pipe 2 -> 1. Fd 19 -> 20
Pipe 2 -> 3. Fd 21 -> 22
Pipe 3 -> 0. Fd 23 -> 24
Pipe 3 -> 1. Fd 25 -> 26
Pipe 3 -> 2. Fd 27 -> 28
Pipe 0 -> 1. Fd 5 -> 6
Pipe 0 -> 2. Fd 7 -> 8
Pipe 0 -> 3. Fd 9 -> 10
Pipe 1 -> 0. Fd 11 -> 12
Pipe 1 -> 2. Fd 13 -> 14
Pipe 1 -> 3. Fd 15 -> 16
Pipe 2 -> 0. Fd 17 -> 18
Pipe 2 -> 1. Fd 19 -> 20
Pipe 2 -> 3. Fd 21 -> 22
Pipe 3 -> 0. Fd 23 -> 24
Pipe 3 -> 1. Fd 25 -> 26
Pipe 3 -> 2. Fd 27 -> 28
Pipe 0 -> 1. Fd 5 -> 6
Pipe 0 -> 2. Fd 7 -> 8
Pipe 0 -> 3. Fd 9 -> 10
Pipe 1 -> 0. Fd 11 -> 12
Pipe 1 -> 2. Fd 13 -> 14
Pipe 1 -> 3. Fd 15 -> 16
Pipe 2 -> 0. Fd 17 -> 18
Pipe 2 -> 1. Fd 19 -> 20
Pipe 2 -> 3. Fd 21 -> 22
Pipe 3 -> 0. Fd 23 -> 24
Pipe 3 -> 1. Fd 25 -> 26
Pipe 3 -> 2. Fd 27 -> 28
Pipe 0 -> 1. Fd 5 -> 6
Pipe 0 -> 2. Fd 7 -> 8
Pipe 0 -> 3. Fd 9 -> 10
Pipe 1 -> 0. Fd 11 -> 12
Pipe 1 -> 2. Fd 13 -> 14
Pipe 1 -> 3. Fd 15 -> 16
Pipe 2 -> 0. Fd 17 -> 18
Pipe 2 -> 1. Fd 19 -> 20
Pipe 2 -> 3. Fd 21 -> 22
Pipe 3 -> 0. Fd 23 -> 24
Pipe 3 -> 1. Fd 25 -> 26
Pipe 3 -> 2. Fd 27 -> 28
Pipe 0 -> 1. Fd 5 -> 6
Pipe 0 -> 2. Fd 7 -> 8
Pipe 0 -> 3. Fd 9 -> 10
Pipe 1 -> 0. Fd 11 -> 12
Pipe 1 -> 2. Fd 13 -> 14
Pipe 1 -> 3. Fd 15 -> 16
Pipe 2 -> 0. Fd 17 -> 18
Pipe 2 -> 1. Fd 19 -> 20
Pipe 2 -> 3. Fd 21 -> 22
Pipe 3 -> 0. Fd 23 -> 24
Pipe 3 -> 1. Fd 25 -> 26
Pipe 3 -> 2. Fd 27 -> 28
Pipe 0 -> 1. Fd 5 -> 6
Pipe 0 -> 2. Fd 7 -> 8
Pipe 0 -> 3. Fd 9 -> 10
Pipe 1 -> 0. Fd 11 -> 12
Pipe 1 -> 2. Fd 13 -> 14
Pipe 1 -> 3. Fd 15 -> 16
Pipe 2 -> 0. Fd 17 -> 18
Pipe 2 -> 1. Fd 19 -> 20
Pipe 2 -> 3. Fd 21 -> 22
Pipe 3 -> 0. Fd 23 -> 24
Pipe 3 -> 1. Fd 25 -> 26
Pipe 3 -> 2. Fd 27 -> 28
Pipe 0 -> 1. Fd 5 -> 6
Pipe 0 -> 2. Fd 7 -> 8
Pipe 0 -> 3. Fd 9 -> 10
Pipe 1 -> 0. Fd 11 -> 12
Pipe 1 -> 2. Fd 13 -> 14
Pipe 1 -> 3. Fd 15 -> 16
Pipe 2 -> 0. Fd 17 -> 18
Pipe 2 -> 1. Fd 19 -> 20
Pipe 2 -> 3. Fd 21 -> 22
Pipe 3 -> 0. Fd 23 -> 24
Pipe 3 -> 1. Fd 25 -> 26
Pipe 3 -> 2. Fd 27 -> 28
Pipe 0 -> 1. Fd 5 -> 6
Pipe 0 -> 2. Fd 7 -> 8
Pipe 0 -> 3. Fd 9 -> 10
Pipe 1 -> 0. Fd 11 -> 12
Pipe 1 -> 2. Fd 13 -> 14
Pipe 1 -> 3. Fd 15 -> 16
Pipe 2 -> 0. Fd 17 -> 18
Pipe 2 -> 1. Fd 19 -> 20
Pipe 2 -> 3. Fd 21 -> 22
Pipe 3 -> 0. Fd 23 -> 24
Pipe 3 -> 1. Fd 25 -> 26
Pipe 3 -> 2. Fd 27 -> 28
Pipe 0 -> 1. Fd 5 -> 6
Pipe 0 -> 2. Fd 7 -> 8
Pipe 0 -> 3. Fd 9 -> 10
Pipe 1 -> 0. Fd 11 -> 12
Pipe 1 -> 2. Fd 13 -> 14
Pipe 1 -> 3. Fd 15 -> 16
Pipe 2 -> 0. Fd 17 -> 18
Pipe 2 -> 1. Fd 19 -> 20
Pipe 2 -> 3. Fd 21 -> 22
Pipe 3 -> 0. Fd 23 -> 24
Pipe 3 -> 1. Fd 25 -> 26
Pipe 3 -> 2. Fd 27 -> 28
Pipe 0 -> 1. Fd 5 -> 6
Pipe 0 -> 2. Fd 7 -> 8
Pipe 0 -> 3. Fd 9 -> 10
Pipe 1 -> 0. Fd 11 -> 12
Pipe 1 -> 2. Fd 13 -> 14
Pipe 1 -> 3. Fd 15 -> 16
Pipe 2 -> 0. Fd 17 -> 18
Pipe 2 -> 1. Fd 19 -> 20
Pipe 2 -> 3. Fd 21 -> 22
Pipe 3 -> 0. Fd 23 -> 24
Pipe 3 -> 1. Fd 25 -> 26
Pipe 3 -> 2. Fd 27 -> 28
